2024-03-17 23:59:41,086 - INFO - Connected to https://anitsayac.com/
2024-03-18 00:00:02,355 - INFO - Scraped all individuals listed in the website. Total: 4713
2024-03-18 00:00:06,062 - INFO - Connected to scrape Kadriye Böçkün details. RIP...
2024-03-18 00:00:08,173 - INFO - Successfully scraped Kadriye Böçkün details. RIP...
2024-03-18 00:00:16,205 - INFO - Connected to scrape Asude Helen Böçkün details. RIP...
2024-03-18 00:00:18,366 - INFO - Successfully scraped Asude Helen Böçkün details. RIP...
2024-03-18 00:00:26,055 - INFO - Connected to scrape Hamide Urkapu details. RIP...
2024-03-18 00:00:28,175 - INFO - Successfully scraped Hamide Urkapu details. RIP...
2024-03-18 00:00:36,094 - INFO - Connected to scrape Songül Kurt details. RIP...
2024-03-18 00:00:38,259 - INFO - Successfully scraped Songül Kurt details. RIP...
2024-03-18 00:00:46,080 - INFO - Connected to scrape Duygu Can details. RIP...
2024-03-18 00:00:48,251 - INFO - Successfully scraped Duygu Can details. RIP...
2024-03-18 00:00:56,112 - INFO - Connected to scrape Salýma Omarova details. RIP...
2024-03-18 00:00:58,243 - INFO - Successfully scraped Salýma Omarova details. RIP...
2024-03-18 00:01:06,331 - INFO - Connected to scrape Zeynep Bedir details. RIP...
2024-03-18 00:01:08,492 - INFO - Successfully scraped Zeynep Bedir details. RIP...
2024-03-18 00:01:16,542 - INFO - Connected to scrape Feray Balkan details. RIP...
2024-03-18 00:01:18,703 - INFO - Successfully scraped Feray Balkan details. RIP...
2024-03-18 00:01:26,700 - INFO - Connected to scrape Ýlayda Alkan details. RIP...
2024-03-18 00:01:28,880 - INFO - Successfully scraped Ýlayda Alkan details. RIP...
2024-03-18 00:01:36,696 - INFO - Connected to scrape Ayþe Ýnceyol details. RIP...
2024-03-18 00:01:38,857 - INFO - Successfully scraped Ayþe Ýnceyol details. RIP...
2024-03-18 00:01:46,791 - INFO - Connected to scrape Rukiye Angi details. RIP...
2024-03-18 00:01:48,987 - INFO - Successfully scraped Rukiye Angi details. RIP...
2024-03-18 00:01:56,836 - INFO - Connected to scrape Mervegül Bayer details. RIP...
2024-03-18 00:01:58,952 - INFO - Successfully scraped Mervegül Bayer details. RIP...
2024-03-18 00:02:06,725 - INFO - Connected to scrape Ayþe Dilek details. RIP...
2024-03-18 00:02:08,877 - INFO - Successfully scraped Ayþe Dilek details. RIP...
2024-03-18 00:02:16,819 - INFO - Connected to scrape Hande Ciðeroðlu details. RIP...
2024-03-18 00:02:19,038 - INFO - Successfully scraped Hande Ciðeroðlu details. RIP...
2024-03-18 00:02:26,907 - INFO - Connected to scrape Sabiha Çimen details. RIP...
2024-03-18 00:02:29,094 - INFO - Successfully scraped Sabiha Çimen details. RIP...
2024-03-18 00:02:37,074 - INFO - Connected to scrape Leyla Demir details. RIP...
2024-03-18 00:02:37,143 - ERROR - An error occurred: list index out of range
